Compiling code
rm obj/*
rm bin/*
[ -d obj ] || mkdir obj
[ -d bin ] || mkdir bin
pgcc -Mpreprocess -O2    -c src/common.c -o obj/common.o
pgcc -O2    -c src/01_gol_cpu_serial.c -o obj/01_gol_cpu_serial.o
pgcc -O2    -o bin/01_gol_cpu_serial obj/01_gol_cpu_serial.o obj/common.o
pgcc -O2   -acc -Minfo=accel  -c src/02_gol_gpu_openacc.c -o obj/02_gol_gpu_openacc.o
pgcc -O2   -acc -Minfo=accel  -o bin/02_gol_gpu_openacc obj/02_gol_gpu_openacc.o obj/common.o 

Running C code
Requesting grid size of (10,10), which requires 0.000000 GB 
Elapsed time 0.000003 s
Elapsed time 0.000003 s
Elapsed time 0.000002 s
Elapsed time 0.000001 s
Elapsed time 0.000001 s
Finnished GOL
Elapsed time 0.002509 s
Running Directive code
Requesting grid size of (10,10), which requires 0.000000 GB 
Elapsed time 0.000004 s
Elapsed time 0.000003 s
Elapsed time 0.000003 s
Elapsed time 0.000002 s
Elapsed time 0.000002 s
Finnished GOL
Elapsed time 0.000988 s
