
The following have been reloaded with a version change:
  1) gcc/8.3.0 => gcc/9.2.0

The current script directory is: /group/scratch/courses0100/caleblim/High-Permorming-Computing/High-Permorming-Computing/gpu-assignment/ex1-gol-cuda

Make Directories

Compiling code
rm obj/*
rm bin/*
[ -d obj ] || mkdir obj
[ -d bin ] || mkdir bin
gcc -O0 -g  -o obj/common.o -c src/common.c 
gcc -O0 -g  -o bin/game_of_life_c src/game_of_life.c obj/common.o 
nvcc -G -lineinfo -O0 -g  -o bin/game_of_life_cuda_c src/game_of_life.cu obj/common.o 
nvcc warning : '--device-debug (-G)' overrides '--generate-line-info (-lineinfo)'
ptxas warning : Conflicting options --device-debug and --generate-line-info specified, ignoring --generate-line-info option

Running C CUDA
GPU versionRequesting grid size of (10,10), which requires 0.000000 GB 
Finnished CUDA in 139.507996 ms
Finnished GOL in 0.035000 ms
Both matrixes are matching
Game of Life
Step 100:
                              
                              
                              
                         *  * 
                         *  * 
                              
                              
                              
                              
                              
Game of Life
Step 100:
                              
                              
                              
                         *  * 
                         *  * 
                              
                              
                              
                              
                              
