
The following have been reloaded with a version change:
  1) gcc/8.3.0 => gcc/9.2.0

The current script directory is: /group/scratch/courses0100/caleblim/High-Permorming-Computing/High-Permorming-Computing/gpu-assignment/ex1-gol-cuda

Make Directories

Compiling code
rm obj/*
rm bin/*
[ -d obj ] || mkdir obj
[ -d bin ] || mkdir bin
gcc -O0 -g  -o obj/common.o -c src/common.c 
gcc -O0 -g  -o bin/game_of_life_c src/game_of_life.c obj/common.o 
nvcc -G -lineinfo -O0 -g  -o bin/game_of_life_cuda_c src/game_of_life.cu obj/common.o 
nvcc warning : '--device-debug (-G)' overrides '--generate-line-info (-lineinfo)'
ptxas warning : Conflicting options --device-debug and --generate-line-info specified, ignoring --generate-line-info option

Running C CUDA
GPU versionRequesting grid size of (1000,1000), which requires 0.003725 GB 
Step 0: 0.028000 ms
Step 1: 0.039000 ms
Step 2: 0.045000 ms
Step 3: 0.051000 ms
Step 4: 0.057000 ms
Step 5: 0.062000 ms
Step 6: 0.067000 ms
Step 7: 0.072000 ms
Step 8: 0.077000 ms
Step 9: 0.082000 ms
Step 10: 0.087000 ms
Step 11: 0.092000 ms
Step 12: 0.097000 ms
Step 13: 0.102000 ms
Step 14: 0.107000 ms
Step 15: 0.112000 ms
Step 16: 0.117000 ms
Step 17: 0.123000 ms
Step 18: 0.128000 ms
Step 19: 0.133000 ms
Step 20: 0.138000 ms
Step 21: 0.143000 ms
Step 22: 0.148000 ms
Step 23: 0.153000 ms
Step 24: 0.158000 ms
Step 25: 0.163000 ms
Step 26: 0.168000 ms
Step 27: 0.174000 ms
Step 28: 0.179000 ms
Step 29: 0.184000 ms
Step 30: 0.189000 ms
Step 31: 0.195000 ms
Step 32: 0.200000 ms
Step 33: 0.205000 ms
Step 34: 0.210000 ms
Step 35: 0.215000 ms
Step 36: 0.220000 ms
Step 37: 0.225000 ms
Step 38: 0.230000 ms
Step 39: 0.236000 ms
Step 40: 0.241000 ms
Step 41: 0.246000 ms
Step 42: 0.251000 ms
Step 43: 0.256000 ms
Step 44: 0.261000 ms
Step 45: 0.266000 ms
Step 46: 0.271000 ms
Step 47: 0.276000 ms
Step 48: 0.281000 ms
Step 49: 0.286000 ms
Step 50: 0.291000 ms
Step 51: 0.296000 ms
Step 52: 0.301000 ms
Step 53: 0.306000 ms
Step 54: 0.311000 ms
Step 55: 0.316000 ms
Step 56: 0.321000 ms
Step 57: 0.326000 ms
Step 58: 0.331000 ms
Step 59: 0.336000 ms
Step 60: 0.341000 ms
Step 61: 0.346000 ms
Step 62: 0.351000 ms
Step 63: 0.356000 ms
Step 64: 0.362000 ms
Step 65: 0.367000 ms
Step 66: 0.372000 ms
Step 67: 0.377000 ms
Step 68: 0.382000 ms
Step 69: 0.387000 ms
Step 70: 0.392000 ms
Step 71: 0.397000 ms
Step 72: 0.402000 ms
Step 73: 0.407000 ms
Step 74: 0.412000 ms
Step 75: 0.417000 ms
Step 76: 0.422000 ms
Step 77: 0.431000 ms
Step 78: 0.437000 ms
Step 79: 0.442000 ms
Step 80: 0.447000 ms
Step 81: 0.452000 ms
Step 82: 0.457000 ms
Step 83: 0.463000 ms
Step 84: 0.468000 ms
Step 85: 0.473000 ms
Step 86: 0.478000 ms
Step 87: 0.483000 ms
Step 88: 0.489000 ms
Step 89: 0.495000 ms
Step 90: 0.500000 ms
Step 91: 0.505000 ms
Step 92: 0.511000 ms
Step 93: 0.516000 ms
Step 94: 0.521000 ms
Step 95: 0.527000 ms
Step 96: 0.532000 ms
Step 97: 0.538000 ms
Step 98: 0.543000 ms
Step 99: 0.548000 ms
Time Spent in kernel 0.548000 ms
Finnished CUDA in 155.820007 ms
Finnished GOL in 2197.354004 ms
Both matrixes are matching
